<?xml version="1.0" encoding="UTF-8"?>
<!-- Generated by org.testng.reporters.JUnitReportReporter -->
<testsuite name="com.org.Test.TestRunner" tests="1" time="1.754" ignored="0" failures="0" timestamp="07 Jan 2021 14:31:55 GMT" skipped="0" hostname="Bishnu" errors="0">
  <testcase name="testBinaryExecutionAPI" time="1.754" classname="com.org.Test.TestRunner"/>
</testsuite> <!-- com.org.Test.TestRunner -->
